<?xml version="1.0" encoding="UTF-8"?>
<testng-results ignored="0" total="1" passed="1" failed="0" skipped="0">
  <reporter-output>
  </reporter-output>
  <suite started-at="2020-07-26T20:08:17 IDT" name="Default suite" finished-at="2020-07-26T20:08:27 IDT" duration-ms="10056">
    <groups>
    </groups>
    <test started-at="2020-07-26T20:08:17 IDT" name="Default test" finished-at="2020-07-26T20:08:27 IDT" duration-ms="10056">
      <class name="crudtable.testcases.SinglePrintTest">
        <test-method is-config="true" signature="setUpSuite()[pri:0, instance:crudtable.testcases.SinglePrintTest@18ce0030]" started-at="2020-07-26T20:08:17 IDT" name="setUpSuite" finished-at="2020-07-26T20:08:17 IDT" duration-ms="510" status="PASS">
          <reporter-output>
          </reporter-output>
        </test-method> <!-- setUpSuite -->
        <test-method is-config="true" signature="seExtent()[pri:0, instance:crudtable.testcases.SinglePrintTest@18ce0030]" started-at="2020-07-26T20:08:17 IDT" name="seExtent" finished-at="2020-07-26T20:08:17 IDT" duration-ms="102" status="PASS">
          <reporter-output>
          </reporter-output>
        </test-method> <!-- seExtent -->
        <test-method is-config="true" signature="setupApplication()[pri:0, instance:crudtable.testcases.SinglePrintTest@18ce0030]" started-at="2020-07-26T20:08:17 IDT" name="setupApplication" finished-at="2020-07-26T20:08:24 IDT" duration-ms="6561" status="PASS">
          <reporter-output>
          </reporter-output>
        </test-method> <!-- setupApplication -->
        <test-method signature="printEmployeeApp()[pri:0, instance:crudtable.testcases.SinglePrintTest@18ce0030]" started-at="2020-07-26T20:08:24 IDT" name="printEmployeeApp" finished-at="2020-07-26T20:08:26 IDT" duration-ms="2424" status="PASS">
          <reporter-output>
          </reporter-output>
        </test-method> <!-- printEmployeeApp -->
        <test-method is-config="true" signature="tearDownMethod(org.testng.ITestResult)[pri:0, instance:crudtable.testcases.SinglePrintTest@18ce0030]" started-at="2020-07-26T20:08:26 IDT" name="tearDownMethod" finished-at="2020-07-26T20:08:26 IDT" duration-ms="7" status="PASS">
          <params>
            <param index="0">
              <value>
                <![CDATA[[TestResult name=printEmployeeApp status=SUCCESS method=SinglePrintTest.printEmployeeApp()[pri:0, instance:crudtable.testcases.SinglePrintTest@18ce0030] output={null}]]]>
              </value>
            </param>
          </params>
          <reporter-output>
          </reporter-output>
        </test-method> <!-- tearDownMethod -->
        <test-method is-config="true" signature="tearDown()[pri:0, instance:crudtable.testcases.SinglePrintTest@18ce0030]" started-at="2020-07-26T20:08:26 IDT" name="tearDown" finished-at="2020-07-26T20:08:27 IDT" duration-ms="685" status="PASS">
          <reporter-output>
          </reporter-output>
        </test-method> <!-- tearDown -->
        <test-method is-config="true" signature="endReport()[pri:0, instance:crudtable.testcases.SinglePrintTest@18ce0030]" started-at="2020-07-26T20:08:27 IDT" name="endReport" finished-at="2020-07-26T20:08:27 IDT" duration-ms="251" status="PASS">
          <reporter-output>
          </reporter-output>
        </test-method> <!-- endReport -->
      </class> <!-- crudtable.testcases.SinglePrintTest -->
    </test> <!-- Default test -->
  </suite> <!-- Default suite -->
</testng-results>
