<?xml version="1.0" encoding="UTF-8"?>
<testng-results ignored="0" total="1" passed="1" failed="0" skipped="0">
  <reporter-output>
  </reporter-output>
  <suite started-at="2020-07-12T21:30:21 IDT" name="Default suite" finished-at="2020-07-12T21:30:31 IDT" duration-ms="10425">
    <groups>
    </groups>
    <test started-at="2020-07-12T21:30:21 IDT" name="Default test" finished-at="2020-07-12T21:30:31 IDT" duration-ms="10425">
      <class name="crudtable.testcases.MultiplePrintTest">
        <test-method is-config="true" signature="setUpSuite()[pri:0, instance:crudtable.testcases.MultiplePrintTest@33afa13b]" started-at="2020-07-12T21:30:20 IDT" name="setUpSuite" finished-at="2020-07-12T21:30:21 IDT" duration-ms="473" status="PASS">
          <reporter-output>
          </reporter-output>
        </test-method> <!-- setUpSuite -->
        <test-method is-config="true" signature="setupApplication()[pri:0, instance:crudtable.testcases.MultiplePrintTest@33afa13b]" started-at="2020-07-12T21:30:21 IDT" name="setupApplication" finished-at="2020-07-12T21:30:28 IDT" duration-ms="6667" status="PASS">
          <reporter-output>
          </reporter-output>
        </test-method> <!-- setupApplication -->
        <test-method signature="addAllEmployeesApp()[pri:0, instance:crudtable.testcases.MultiplePrintTest@33afa13b]" started-at="2020-07-12T21:30:28 IDT" name="addAllEmployeesApp" finished-at="2020-07-12T21:30:31 IDT" duration-ms="3068" status="PASS">
          <reporter-output>
          </reporter-output>
        </test-method> <!-- addAllEmployeesApp -->
        <test-method is-config="true" signature="tearDownMethod(org.testng.ITestResult)[pri:0, instance:crudtable.testcases.MultiplePrintTest@33afa13b]" started-at="2020-07-12T21:30:31 IDT" name="tearDownMethod" finished-at="2020-07-12T21:30:31 IDT" duration-ms="2" status="PASS">
          <params>
            <param index="0">
              <value>
                <![CDATA[[TestResult name=addAllEmployeesApp status=SUCCESS method=MultiplePrintTest.addAllEmployeesApp()[pri:0, instance:crudtable.testcases.MultiplePrintTest@33afa13b] output={null}]]]>
              </value>
            </param>
          </params>
          <reporter-output>
          </reporter-output>
        </test-method> <!-- tearDownMethod -->
        <test-method is-config="true" signature="tearDown()[pri:0, instance:crudtable.testcases.MultiplePrintTest@33afa13b]" started-at="2020-07-12T21:30:31 IDT" name="tearDown" finished-at="2020-07-12T21:30:31 IDT" duration-ms="641" status="PASS">
          <reporter-output>
          </reporter-output>
        </test-method> <!-- tearDown -->
      </class> <!-- crudtable.testcases.MultiplePrintTest -->
    </test> <!-- Default test -->
  </suite> <!-- Default suite -->
</testng-results>
