<?xml version="1.0" encoding="UTF-8"?>
<!-- Generated by org.testng.reporters.JUnitXMLReporter -->
<testsuite ignored="0" hostname="DESKTOP-QHOC536" failures="0" tests="4" name="Default test" time="20.81" errors="0" timestamp="2020-07-26T22:50:37 IDT">
  <testcase classname="crudtable.testcases.FullSingleTest" name="addEmployeeApp" time="3.169"/>
  <testcase classname="crudtable.testcases.FullSingleTest" name="printEmployeeApp" time="2.516"/>
  <testcase classname="crudtable.testcases.FullSingleTest" name="editEmployeeApp" time="5.025"/>
  <testcase classname="crudtable.testcases.FullSingleTest" name="deleteEmployeeApp" time="2.622"/>
</testsuite> <!-- Default test -->
