<?xml version="1.0" encoding="UTF-8"?>
<!-- Generated by org.testng.reporters.JUnitXMLReporter -->
<testsuite ignored="0" hostname="DESKTOP-QHOC536" failures="0" tests="4" name="Default test" time="26.493" errors="0" timestamp="2020-07-26T22:57:22 IDT">
  <testcase classname="crudtable.testcases.FullMultipleTest" name="addAllEmployeesApp" time="6.261"/>
  <testcase classname="crudtable.testcases.FullMultipleTest" name="printAllEmployeesApp" time="2.822"/>
  <testcase classname="crudtable.testcases.FullMultipleTest" name="editAllEmployeesApp" time="6.675"/>
  <testcase classname="crudtable.testcases.FullMultipleTest" name="deleteAllEmployeesApp" time="3.363"/>
</testsuite> <!-- Default test -->
